[1601123549.343][INFO]: Starting ChromeDriver 85.0.4183.87 (cd6713ebf92fa1cacc0f1a598df280093af0c5d7-refs/branch-heads/4183@{#1689}) on port 50419
[1601123549.343][INFO]: Please see https://chromedriver.chromium.org/security-considerations for suggestions on keeping ChromeDriver safe.
[1601123550.349][INFO]: [8fb5bff51fd3bc4157704c90979d0557] COMMAND InitSession {
   "capabilities": {
      "alwaysMatch": {
         "browserName": "chrome",
         "goog:chromeOptions": {
            "args": [ "--headless", "--no-sandbox" ],
            "extensions": [  ]
         },
         "platformName": "any"
      },
      "firstMatch": [ {

      } ]
   },
   "desiredCapabilities": {
      "browserName": "chrome",
      "goog:chromeOptions": {
         "args": [ "--headless", "--no-sandbox" ],
         "extensions": [  ]
      },
      "platform": "ANY",
      "version": ""
   }
}
[1601123550.354][INFO]: Populating Preferences file: {
   "alternate_error_pages": {
      "enabled": false
   },
   "autofill": {
      "enabled": false
   },
   "browser": {
      "check_default_browser": false
   },
   "distribution": {
      "import_bookmarks": false,
      "import_history": false,
      "import_search_engine": false,
      "make_chrome_default_for_user": false,
      "skip_first_run_ui": true
   },
   "dns_prefetching": {
      "enabled": false
   },
   "profile": {
      "content_settings": {
         "pattern_pairs": {
            "https://*,*": {
               "media-stream": {
                  "audio": "Default",
                  "video": "Default"
               }
            }
         }
      },
      "default_content_setting_values": {
         "geolocation": 1
      },
      "default_content_settings": {
         "geolocation": 1,
         "mouselock": 1,
         "notifications": 1,
         "popups": 1,
         "ppapi-broker": 1
      },
      "password_manager_enabled": false
   },
   "safebrowsing": {
      "enabled": false
   },
   "search": {
      "suggest_enabled": false
   },
   "translate": {
      "enabled": false
   }
}
[1601123550.357][INFO]: Populating Local State file: {
   "background_mode": {
      "enabled": false
   },
   "ssl": {
      "rev_checking": {
         "enabled": false
      }
   }
}
[1601123550.460][INFO]: Launching chrome: /opt/google/chrome/google-chrome --disable-background-networking --disable-client-side-phishing-detection --disable-default-apps --disable-hang-monitor --disable-popup-blocking --disable-prompt-on-repost --disable-sync --enable-automation --enable-blink-features=ShadowDOMV0 --enable-logging --headless --log-level=0 --no-first-run --no-sandbox --password-store=basic --remote-debugging-port=0 --test-type=webdriver --use-mock-keychain --user-data-dir=/tmp/.com.google.Chrome.MDAAbW data:,
[0926/180231.240529:ERROR:bus.cc(393)] Failed to connect to the bus: Failed to connect to socket /var/run/dbus/system_bus_socket: No such file or directory

DevTools listening on ws://127.0.0.1:50427/devtools/browser/64c19c5a-d54c-44cc-a656-268ac6693c98
[1601123551.298][DEBUG]: DevTools HTTP Request: http://localhost:50427/json/version
[1601123551.306][DEBUG]: DevTools HTTP Response: {
   "Browser": "HeadlessChrome/85.0.4183.121",
   "Protocol-Version": "1.3",
   "User-Agent": "Mozilla/5.0 (X11; Linux x86_64) AppleWebKit/537.36 (KHTML, like Gecko) HeadlessChrome/85.0.4183.121 Safari/537.36",
   "V8-Version": "8.5.210.26",
   "WebKit-Version": "537.36 (@a81aa729a8e1fd413943a339393c82e7b8055ddc)",
   "webSocketDebuggerUrl": "ws://localhost:50427/devtools/browser/64c19c5a-d54c-44cc-a656-268ac6693c98"
}

[1601123551.306][DEBUG]: DevTools HTTP Request: http://localhost:50427/json/list
[1601123551.347][DEBUG]: DevTools HTTP Response: [ {
   "description": "",
   "devtoolsFrontendUrl": "/devtools/inspector.html?ws=localhost:50427/devtools/page/9D01A0B4561C50C930CC91F08B47464F",
   "id": "9D01A0B4561C50C930CC91F08B47464F",
   "title": "",
   "type": "page",
   "url": "data:,",
   "webSocketDebuggerUrl": "ws://localhost:50427/devtools/page/9D01A0B4561C50C930CC91F08B47464F"
} ]

[1601123551.347][DEBUG]: DevTools HTTP Request: http://localhost:50427/json/list
[1601123551.353][DEBUG]: DevTools HTTP Response: [ {
   "description": "",
   "devtoolsFrontendUrl": "/devtools/inspector.html?ws=localhost:50427/devtools/page/9D01A0B4561C50C930CC91F08B47464F",
   "id": "9D01A0B4561C50C930CC91F08B47464F",
   "title": "",
   "type": "page",
   "url": "data:,",
   "webSocketDebuggerUrl": "ws://localhost:50427/devtools/page/9D01A0B4561C50C930CC91F08B47464F"
} ]

[1601123551.356][INFO]: resolved localhost to ["127.0.0.1"]
[1601123551.357][DEBUG]: DevTools WebSocket Command: Page.addScriptToEvaluateOnNewDocument (id=1) 9D01A0B4561C50C930CC91F08B47464F {
   "source": "(function () {window.cdc_adoQpoasnfa76pfcZLmcfl_Array = window.Array;window.cdc_adoQpoasnfa76pfcZLmcfl_Promise = window.Promise;window.cdc_adoQpoasnfa76pfcZLmcfl_Symbol = window.Symbol;}) ();"
}
[1601123551.357][DEBUG]: DevTools WebSocket Command: Runtime.evaluate (id=2) 9D01A0B4561C50C930CC91F08B47464F {
   "expression": "(function () {window.cdc_adoQpoasnfa76pfcZLmcfl_Array = window.Array;window.cdc_adoQpoasnfa76pfcZLmcfl_Promise = window.Promise;window.cdc_adoQpoasnfa76pfcZLmcfl_Symbol = window.Symbol;}) ();"
}
[1601123551.357][DEBUG]: DevTools WebSocket Command: Log.enable (id=3) 9D01A0B4561C50C930CC91F08B47464F {

}
[1601123551.358][DEBUG]: DevTools WebSocket Command: DOM.getDocument (id=4) 9D01A0B4561C50C930CC91F08B47464F {

}
[1601123551.358][DEBUG]: DevTools WebSocket Command: Target.setAutoAttach (id=5) 9D01A0B4561C50C930CC91F08B47464F {
   "autoAttach": true,
   "flatten": true,
   "waitForDebuggerOnStart": false
}
[1601123551.358][DEBUG]: DevTools WebSocket Command: Page.enable (id=6) 9D01A0B4561C50C930CC91F08B47464F {

}
[1601123551.358][DEBUG]: DevTools WebSocket Command: Browser.setDownloadBehavior (id=7) 9D01A0B4561C50C930CC91F08B47464F {
   "behavior": "allow",
   "downloadPath": "."
}
[1601123551.358][DEBUG]: DevTools WebSocket Command: Page.enable (id=8) 9D01A0B4561C50C930CC91F08B47464F {

}
[1601123551.359][DEBUG]: DevTools WebSocket Response: Target.setAutoAttach (id=5) 9D01A0B4561C50C930CC91F08B47464F {

}
[1601123551.359][DEBUG]: DevTools WebSocket Response: Browser.setDownloadBehavior (id=7) 9D01A0B4561C50C930CC91F08B47464F {

}
[1601123551.460][DEBUG]: DevTools WebSocket Response: Page.addScriptToEvaluateOnNewDocument (id=1) 9D01A0B4561C50C930CC91F08B47464F {
   "identifier": "1"
}
[1601123551.463][DEBUG]: DevTools WebSocket Response: Runtime.evaluate (id=2) 9D01A0B4561C50C930CC91F08B47464F {
   "result": {
      "type": "undefined"
   }
}
[1601123551.463][DEBUG]: DevTools WebSocket Response: Log.enable (id=3) 9D01A0B4561C50C930CC91F08B47464F {

}
[1601123551.464][DEBUG]: DevTools WebSocket Response: DOM.getDocument (id=4) 9D01A0B4561C50C930CC91F08B47464F {
   "root": {
      "backendNodeId": 1,
      "baseURL": "about:blank",
      "childNodeCount": 1,
      "children": [ {
         "attributes": [  ],
         "backendNodeId": 2,
         "childNodeCount": 2,
         "children": [ {
            "attributes": [  ],
            "backendNodeId": 3,
            "childNodeCount": 0,
            "localName": "head",
            "nodeId": 3,
            "nodeName": "HEAD",
            "nodeType": 1,
            "nodeValue": "",
            "parentId": 2
         }, {
            "attributes": [  ],
            "backendNodeId": 4,
            "childNodeCount": 0,
            "localName": "body",
            "nodeId": 4,
            "nodeName": "BODY",
            "nodeType": 1,
            "nodeValue": "",
            "parentId": 2
         } ],
         "frameId": "9D01A0B4561C50C930CC91F08B47464F",
         "localName": "html",
         "nodeId": 2,
         "nodeName": "HTML",
         "nodeType": 1,
         "nodeValue": "",
         "parentId": 1
      } ],
      "documentURL": "",
      "localName": "",
      "nodeId": 1,
      "nodeName": "#document",
      "nodeType": 9,
      "nodeValue": "",
      "xmlVersion": ""
   }
}
[1601123551.464][DEBUG]: DevTools WebSocket Response: Page.enable (id=6) 9D01A0B4561C50C930CC91F08B47464F {

}
[1601123551.464][DEBUG]: DevTools WebSocket Response: Page.enable (id=8) 9D01A0B4561C50C930CC91F08B47464F {

}
[1601123551.464][DEBUG]: DevTools WebSocket Command: Runtime.enable (id=9) 9D01A0B4561C50C930CC91F08B47464F {

}
[1601123551.464][DEBUG]: DevTools WebSocket Event: Page.frameStartedLoading 9D01A0B4561C50C930CC91F08B47464F {
   "frameId": "9D01A0B4561C50C930CC91F08B47464F"
}
[1601123551.470][DEBUG]: DevTools WebSocket Event: Page.frameNavigated 9D01A0B4561C50C930CC91F08B47464F {
   "frame": {
      "id": "9D01A0B4561C50C930CC91F08B47464F",
      "loaderId": "8C1E37E9607C77A92B1E4014CD933421",
      "mimeType": "text/plain",
      "securityOrigin": "://",
      "url": "data:,"
   }
}
[1601123551.470][DEBUG]: DevTools WebSocket Event: DOM.documentUpdated 9D01A0B4561C50C930CC91F08B47464F {

}
[1601123551.470][DEBUG]: DevTools WebSocket Command: DOM.getDocument (id=10) 9D01A0B4561C50C930CC91F08B47464F {

}
[1601123551.470][DEBUG]: DevTools WebSocket Event: Runtime.executionContextCreated 9D01A0B4561C50C930CC91F08B47464F {
   "context": {
      "auxData": {
         "frameId": "9D01A0B4561C50C930CC91F08B47464F",
         "isDefault": true,
         "type": "default"
      },
      "id": 2,
      "name": "",
      "origin": "://"
   }
}
[1601123551.470][DEBUG]: DevTools WebSocket Response: Runtime.enable (id=9) 9D01A0B4561C50C930CC91F08B47464F {

}
[1601123551.470][DEBUG]: DevTools WebSocket Command: Page.enable (id=11) 9D01A0B4561C50C930CC91F08B47464F {

}
[1601123551.471][DEBUG]: DevTools WebSocket Event: Page.loadEventFired 9D01A0B4561C50C930CC91F08B47464F {
   "timestamp": 2849.002238
}
[1601123551.471][DEBUG]: DevTools WebSocket Command: Runtime.evaluate (id=12) 9D01A0B4561C50C930CC91F08B47464F {
   "awaitPromise": false,
   "expression": "document.readyState",
   "returnByValue": true
}
[1601123551.471][DEBUG]: DevTools WebSocket Event: Page.frameStoppedLoading 9D01A0B4561C50C930CC91F08B47464F {
   "frameId": "9D01A0B4561C50C930CC91F08B47464F"
}
[1601123551.471][DEBUG]: DevTools WebSocket Event: DOM.documentUpdated 9D01A0B4561C50C930CC91F08B47464F {

}
[1601123551.471][DEBUG]: DevTools WebSocket Command: DOM.getDocument (id=13) 9D01A0B4561C50C930CC91F08B47464F {

}
[1601123551.472][DEBUG]: DevTools WebSocket Event: Page.domContentEventFired 9D01A0B4561C50C930CC91F08B47464F {
   "timestamp": 2849.002704
}
[1601123551.473][DEBUG]: DevTools WebSocket Response: DOM.getDocument (id=10) 9D01A0B4561C50C930CC91F08B47464F {
   "root": {
      "backendNodeId": 5,
      "baseURL": "data:,",
      "childNodeCount": 1,
      "children": [ {
         "attributes": [  ],
         "backendNodeId": 6,
         "childNodeCount": 2,
         "children": [ {
            "attributes": [  ],
   [0926/193427.569593:ERROR:network_service_instance_impl.cc(264)] Network service crashed, restarting service.
[0926/193430.467542:ERROR:network_service_instance_impl.cc(264)] Network service crashed, restarting service.
"parentId": 6
         }, {
            "attributes": [  ],
            "backendNodeId": 8,
            "childNodeCount": 0,
            "localName": "body",
            "nodeId": 8,
            "nodeName": "BODY",
            "nodeType": 1,
            "nodeValue": "",
            "parentId": 6
         } ],
         "frameId": "9D01A0B4561C50C930CC91F08B47464F",
         "localName": "html",
         "nodeId": 6,
         "nodeName": "HTML",
         "nodeType": 1,
         "nodeValue": "",
         "parentId": 5
      } ],
      "documentURL": "data:,",
      "localName": "",
      "nodeId": 5,
      "nodeName": "#document",
      "nodeType": 9,
      "nodeValue": "",
      "xmlVersion": ""
   }
}
[1601123551.473][DEBUG]: DevTools WebSocket Response: Page.enable (id=11) 9D01A0B4561C50C930CC91F08B47464F {

}
[1601123551.473][DEBUG]: DevTools WebSocket Response: Runtime.evaluate (id=12) 9D01A0B4561C50C930CC91F08B47464F {
   "result": {
      "type": "string",
      "value": "complete"
   }
}
[1601123551.473][DEBUG]: DevTools WebSocket Command: Runtime.enable (id=14) 9D01A0B4561C50C930CC91F08B47464F {

}
[1601123551.473][DEBUG]: DevTools WebSocket Response: DOM.getDocument (id=13) 9D01A0B4561C50C930CC91F08B47464F {
   "root": {
      "backendNodeId": 5,
      "baseURL": "data:,",
      "childNodeCount": 1,
      "children": [ {
         "attributes": [  ],
         "backendNodeId": 6,
         "childNodeCount": 2,
         "children": [ {
            "attributes": [  ],
            "backendNodeId": 7,
            "childNodeCount": 0,
            "localName": "head",
            "nodeId": 11,
            "nodeName": "HEAD",
            "nodeType": 1,
            "nodeValue": "",
            "parentId": 10
         }, {
            "attributes": [  ],
            "backendNodeId": 8,
            "childNodeCount": 0,
            "localName": "body",
            "nodeId": 12,
            "nodeName": "BODY",
            "nodeType": 1,
            "nodeValue": "",
            "parentId": 10
         } ],
         "frameId": "9D01A0B4561C50C930CC91F08B47464F",
         "localName": "html",
         "nodeId": 10,
         "nodeName": "HTML",
         "nodeType": 1,
         "nodeValue": "",
         "parentId": 9
      } ],
      "documentURL": "data:,",
      "localName": "",
      "nodeId": 9,
      "nodeName": "#document",
      "nodeType": 9,
      "nodeValue": "",
      "xmlVersion": ""
   }
}
[1601123551.474][DEBUG]: DevTools WebSocket Response: Runtime.enable (id=14) 9D01A0B4561C50C930CC91F08B47464F {

}
[1601123551.475][DEBUG]: DevTools WebSocket Command: Runtime.evaluate (id=15) 9D01A0B4561C50C930CC91F08B47464F {
   "awaitPromise": true,
   "expression": "(function() { // Copyright (c) 2012 The Chromium Authors. All rights reserved.\n// Use of this source code is governed by a BSD-style license that can be\n// found in the LICENSE file.\n\n/**\n * Enum f...",
   "returnByValue": true
}
[1601123551.479][DEBUG]: DevTools WebSocket Response: Runtime.evaluate (id=15) 9D01A0B4561C50C930CC91F08B47464F {
   "result": {
      "type": "object",
      "value": {
         "status": 0,
         "value": 1
      }
   }
}
[1601123551.479][INFO]: [8fb5bff51fd3bc4157704c90979d0557] RESPONSE InitSession {
   "capabilities": {
      "acceptInsecureCerts": false,
      "browserName": "chrome",
      "browserVersion": "85.0.4183.121",
      "chrome": {
         "chromedriverVersion": "85.0.4183.87 (cd6713ebf92fa1cacc0f1a598df280093af0c5d7-refs/branch-heads/4183@{#1689})",
         "userDataDir": "/tmp/.com.google.Chrome.MDAAbW"
      },
      "goog:chromeOptions": {
         "debuggerAddress": "localhost:50427"
      },
      "networkConnectionEnabled": false,
      "pageLoadStrategy": "normal",
      "platformName": "linux",
      "proxy": {

      },
      "setWindowRect": true,
      "strictFileInteractability": false,
      "timeouts": {
         "implicit": 0,
         "pageLoad": 300000,
         "script": 30000
      },
      "unhandledPromptBehavior": "dismiss and notify",
      "webauthn:virtualAuthenticators": true
   },
   "sessionId": "8fb5bff51fd3bc4157704c90979d0557"
}
[1601123551.482][INFO]: [8fb5bff51fd3bc4157704c90979d0557] COMMAND Navigate {
   "url": "https://parivahan.gov.in/rcdlstatus/vahan/rcDlHome.xhtml"
}
[1601123551.482][INFO]: Waiting for pending navigations...
[1601123551.482][DEBUG]: DevTools WebSocket Command: Runtime.evaluate (id=16) 9D01A0B4561C50C930CC91F08B47464F {
   "expression": "1"
}
[1601123551.484][DEBUG]: DevTools WebSocket Response: Runtime.evaluate (id=16) 9D01A0B4561C50C930CC91F08B47464F {
   "result": {
      "description": "1",
      "type": "number",
      "value": 1
   }
}
[1601123551.484][INFO]: Done waiting for pending navigations. Status: ok
[1601123551.484][DEBUG]: DevTools WebSocket Command: Page.navigate (id=17) 9D01A0B4561C50C930CC91F08B47464F {
   "url": "https://parivahan.gov.in/rcdlstatus/vahan/rcDlHome.xhtml"
}
[1601123552.799][DEBUG]: DevTools WebSocket Response: Page.navigate (id=17) 9D01A0B4561C50C930CC91F08B47464F {
   "frameId": "9D01A0B4561C50C930CC91F08B47464F",
   "loaderId": "FAE9E843E264B4EF4FC0FAE6162DAEED"
}
[1601123552.799][DEBUG]: DevTools WebSocket Command: Runtime.evaluate (id=18) 9D01A0B4561C50C930CC91F08B47464F {
   "expression": "document.URL"
}
[1601123552.805][DEBUG]: DevTools WebSocket Event: Runtime.executionContextsCleared 9D01A0B4561C50C930CC91F08B47464F {

}
[1601123552.808][DEBUG]: DevTools WebSocket Event: Page.frameStartedLoading 9D01A0B4561C50C930CC91F08B47464F {
   "frameId": "9D01A0B4561C50C930CC91F08B47464F"
}
[1601123552.826][DEBUG]: DevTools WebSocket Event: Runtime.executionContextsCleared 9D01A0B4561C50C930CC91F08B47464F {

}
[1601123552.826][DEBUG]: DevTools WebSocket Event: Page.frameNavigated 9D01A0B4561C50C930CC91F08B47464F {
   "frame": {
      "id": "9D01A0B4561C50C930CC91F08B47464F",
      "loaderId": "FAE9E843E264B4EF4FC0FAE6162DAEED",
      "mimeType": "text/html",
      "securityOrigin": "https://parivahan.gov.in",
      "url": "https://parivahan.gov.in/rcdlstatus/vahan/rcDlHome.xhtml"
   }
}
[1601123552.826][DEBUG]: DevTools WebSocket Event: DOM.documentUpdated 9D01A0B4561C50C930CC91F08B47464F {

}
[1601123552.826][DEBUG]: DevTools WebSocket Command: DOM.getDocument (id=19) 9D01A0B4561C50C930CC91F08B47464F {

}
[1601123552.827][DEBUG]: DevTools WebSocket Event: Runtime.executionContextCreated 9D01A0B4561C50C930CC91F08B47464F {
   "context": {
      "auxData": {
         "frameId": "9D01A0B4561C50C930CC91F08B47464F",
         "isDefault": true,
         "type": "default"
      },
      "id": 1,
      "name": "",
      "origin": "https://parivahan.gov.in"
   }
}
[1601123552.845][DEBUG]: DevTools WebSocket Response: Runtime.evaluate (id=18) 9D01A0B4561C50C930CC91F08B47464F {
   "result": {
      "type": "string",
      "value": "https://parivahan.gov.in/rcdlstatus/vahan/rcDlHome.xhtml"
   }
}
[1601123552.845][INFO]: Waiting for pending navigations...
[1601123552.845][DEBUG]: DevTools WebSocket Command: Runtime.evaluate (id=20) 9D01A0B4561C50C930CC91F08B47464F {
   "expression": "1"
}
[1601123552.846][DEBUG]: DevTools WebSocket Response: DOM.getDocument (id=19) 9D01A0B4561C50C930CC91F08B47464F {
   "root": {
      "backendNodeId": 1,
      "baseURL": "https://parivahan.gov.in/rcdlstatus/vahan/rcDlHome.xhtml",
      "childNodeCount": 0,
      "children": [  ],
      "documentURL": "https://parivahan.gov.in/rcdlstatus/vahan/rcDlHome.xhtml",
      "localName": "",
      "nodeId": 1,
      "nodeName": "#document",
      "nodeType": 9,
      "nodeValue": "",
      "xmlVersion": ""
   }
}
[1601123552.864][DEBUG]: DevTools WebSocket Event: DOM.childNodeInserted 9D01A0B4561C50C930CC91F08B47464F {
   "node": {
      "backendNodeId": 2,
      "localName": "",
      "nodeId": 2,
      "nodeName": "#comment",
      "nodeType": 8,
      "nodeValue": "?xml version=\"1.0\" encoding=\"UTF-8\"?"
   },
   "parentNodeId": 1,
   "previousNodeId": 0
}
[1601123552.864][DEBUG]: DevTools WebSocket Event: DOM.childNodeInserted 9D01A0B4561C50C930CC91F08B47464F {
   "node": {
      "backendNodeId": 3,
      "localName": "",
      "nodeId": 3,
      "nodeName": "html",
      "nodeType": 10,
      "nodeValue": "",
      "publicId": "",
      "systemId": ""
   },
   "parentNodeId": 1,
   "previousNodeId": 2
}
[1601123552.864][DEBUG]: DevTools WebSocket Event: DOM.childNodeInserted 9D01A0B4561C50C930CC91F08B47464F {
   "node": {
      "attributes": [ "xmlns", "http://www.w3.org/1999/xhtml" ],
      "backendNodeId": 4,
      "childNodeCount": 0,
      "frameId": "9D01A0B4561C50C930CC91F08B47464F",
      "localName": "html",
      "nodeId": 4,
      "nodeName": "HTML",
      "nodeType": 1,
      "nodeValue": ""
   },
   "parentNodeId": 1,
   "previousNodeId": 3
}
[1601123552.864][DEBUG]: DevTools WebSocket Event: DOM.childNodeCountUpdated 9D01A0B4561C50C930CC91F08B47464F {
   "childNodeCount": 1,
   "nodeId": 4
}
[1601123552.864][DEBUG]: DevTools WebSocket Response: Runtime.evaluate (id=20) 9D01A0B4561C50C930CC91F08B47464F {
   "result": {
      "description": "1",
      "type": "number",
      "value": 1
   }
}
[0926/180232.881048:INFO:CONSOLE(13)] "Uncaught ReferenceError: $ is not defined", source: https://parivahan.gov.in/rcdlstatus/vahan/rcDlHome.xhtml (13)
[1601123552.883][DEBUG]: DevTools WebSocket Event: Runtime.exceptionThrown 9D01A0B4561C50C930CC91F08B47464F {
   "exceptionDetails": {
      "columnNumber": 12,
      "exception": {
         "className": "ReferenceError",
         "description": "ReferenceError: $ is not defined\n    at https://parivahan.gov.in/rcdlstatus/vahan/rcDlHome.xhtml:13:13",
         "objectId": "{\"injectedScriptId\":1,\"id\":1}",
         "preview": {
            "description": "ReferenceError: $ is not defined\n    at https://parivahan.gov.in/rcdlstatus/vahan/rcDlHome.xhtml:13:13",
            "overflow": false,
            "properties": [ {
               "name": "stack",
               "type": "string",
               "value": "ReferenceError: $ is not defined\n    at https://pa…ahan.gov.in/rcdlstatus/vahan/rcDlHome.xhtml:13:13"
            }, {
               "name": "message",
               "type": "string",
               "value": "$ is not defined"
            } ],
            "subtype": "error",
            "type": "object"
         },
         "subtype": "error",
         "type": "object"
      },
      "exceptionId": 1,
      "executionContextId": 1,
      "lineNumber": 12,
      "stackTrace": {
         "callFrames": [ {
            "columnNumber": 12,
            "functionName": "",
            "lineNumber": 12,
            "scriptId": "7",
            "url": "https://parivahan.gov.in/rcdlstatus/vahan/rcDlHome.xhtml"
         } ]
      },
      "text": "Uncaught",
      "url": "https://parivahan.gov.in/rcdlstatus/vahan/rcDlHome.xhtml"
   },
   "timestamp": 1.601123552880426e+12
}
[1601123552.883][DEBUG]: DevTools WebSocket Command: Runtime.evaluate (id=21) 9D01A0B4561C50C930CC91F08B47464F {
   "expression": "1"
}
[1601123552.887][DEBUG]: DevTools WebSocket Event: DOM.childNodeCountUpdated 9D01A0B4561C50C930CC91F08B47464F {
   "childNodeCount": 2,
   "nodeId": 4
}
[0926/180232.886948:INFO:CONSOLE(103)] "Uncaught ReferenceError: PrimeFaces is not defined", source: https://parivahan.gov.in/rcdlstatus/vahan/rcDlHome.xhtml (103)
[0926/180232.888166:INFO:CONSOLE(103)] "Uncaught ReferenceError: PrimeFaces is not defined", source: https://parivahan.gov.in/rcdlstatus/vahan/rcDlHome.xhtml (103)
[1601123552.889][DEBUG]: DevTools WebSocket Event: Runtime.exceptionThrown 9D01A0B4561C50C930CC91F08B47464F {
   "exceptionDetails": {
      "columnNumber": 580,
      "exception": {
         "className": "ReferenceError",
         "description": "ReferenceError: PrimeFaces is not defined\n    at https://parivahan.gov.in/rcdlstatus/vahan/rcDlHome.xhtml:103:581",
         "objectId": "{\"injectedScriptId\":1,\"id\":2}",
         "preview": {
            "description": "ReferenceError: PrimeFaces is not defined\n    at https://parivahan.gov.in/rcdlstatus/vahan/rcDlHome.xhtml:103:581",
            "overflow": false,
            "properties": [ {
               "name": "stack",
               "type": "string",
               "value": "ReferenceError: PrimeFaces is not defined\n    at h…an.gov.in/rcdlstatus/vahan/rcDlHome.xhtml:103:581"
            }, {
               "name": "message",
               "type": "string",
               "value": "PrimeFaces is not defined"
            } ],
            "subtype": "error",
            "type": "object"
         },
         "subtype": "error",
         "type": "object"
      },
      "exceptionId": 2,
      "executionContextId": 1,
      "lineNumber": 102,
      "stackTrace": {
         "callFrames": [ {
            "columnNumber": 580,
            "functionName": "",
            "lineNumber": 102,
            "scriptId": "9",
            "url": "https://parivahan.gov.in/rcdlstatus/vahan/rcDlHome.xhtml"
         } ]
      },
      "text": "Uncaught",
      "url": "https://parivahan.gov.in/rcdlstatus/vahan/rcDlHome.xhtml"
   },
   "timestamp": 1.601123552886342e+12
}
[1601123552.889][DEBUG]: DevTools WebSocket Event: Runtime.exceptionThrown 9D01A0B4561C50C930CC91F08B47464F {
   "exceptionDetails": {
      "columnNumber": 1188,
      "exception": {
         "className": "ReferenceError",
         "description": "ReferenceError: PrimeFaces is not defined\n    at https://parivahan.gov.in/rcdlstatus/vahan/rcDlHome.xhtml:103:1189",
         "objectId": "{\"injectedScriptId\":1,\"id\":3}",
         "preview": {
            "description": "ReferenceError: PrimeFaces is not defined\n    at https://parivahan.gov.in/rcdlstatus/vahan/rcDlHome.xhtml:103:1189",
            "overflow": false,
            "properties": [ {
               "name": "stack",
               "type": "string",
               "value": "ReferenceError: PrimeFaces is not defined\n    at h…n.gov.in/rcdlstatus/vahan/rcDlHome.xhtml:103:1189"
            }, {
               "name": "message",
               "type": "string",
               "value": "PrimeFaces is not defined"
            } ],
            "subtype": "error",
            "type": "object"
         },
         "subtype": "error",
         "type": "object"
      },
      "exceptionId": 3,
      "executionContextId": 1,
      "lineNumber": 102,
      "stackTrace": {
         "callFrames": [ {
            "columnNumber": 1188,
            "functionName": "",
            "lineNumber": 102,
            "scriptId": "10",
            "url": "https://parivahan.gov.in/rcdlstatus/vahan/rcDlHome.xhtml"
         } ]
      },
      "text": "Uncaught",
      "url": "https://parivahan.gov.in/rcdlstatus/vahan/rcDlHome.xhtml"
   },
   "timestamp": 1.601123552887415e+12
}
[0926/180232.890556:INFO:CONSOLE(119)] "Uncaught ReferenceError: PrimeFaces is not defined", source: https://parivahan.gov.in/rcdlstatus/vahan/rcDlHome.xhtml (119)
[0926/180232.891711:INFO:CONSOLE(130)] "Uncaught ReferenceError: PrimeFaces is not defined", source: https://parivahan.gov.in/rcdlstatus/vahan/rcDlHome.xhtml (130)
[1601123552.892][DEBUG]: DevTools WebSocket Event: Runtime.exceptionThrown 9D01A0B4561C50C930CC91F08B47464F {
   "exceptionDetails": {
      "columnNumber": 467,
      "exception": {
         "className": "ReferenceError",
         "description": "ReferenceError: PrimeFaces is not defined\n    at https://parivahan.gov.in/rcdlstatus/vahan/rcDlHome.xhtml:119:468",
         "objectId": "{\"injectedScriptId\":1,\"id\":4}",
         "preview": {
            "description": "ReferenceError: PrimeFaces is not defined\n    at https://parivahan.gov.in/rcdlstatus/vahan/rcDlHome.xhtml:119:468",
            "overflow": false,
            "properties": [ {
               "name": "stack",
               "type": "string",
               "value": "ReferenceError: PrimeFaces is not defined\n    at h…an.gov.in/rcdlstatus/vahan/rcDlHome.xhtml:119:468"
            }, {
               "name": "message",
               "type": "string",
               "value": "PrimeFaces is not defined"
            } ],
            "subtype": "error",
            "type": "object"
         },
         "subtype": "error",
         "type": "object"
      },
      "exceptionId": 4,
      "executionContextId": 1,
      "lineNumber": 118,
      "stackTrace": {
         "callFrames": [ {
            "columnNumber": 467,
            "functionName": "",
            "lineNumber": 118,
            "scriptId": "11",
            "url": "https://parivahan.gov.in/rcdlstatus/vahan/rcDlHome.xhtml"
         } ]
      },
      "text": "Uncaught",
      "url": "https://parivahan.gov.in/rcdlstatus/vahan/rcDlHome.xhtml"
   },
   "timestamp": 1.60112355288989e+12
}
[0926/180232.892414:INFO:CONSOLE(130)] "Uncaught ReferenceError: PrimeFaces is not defined", source: https://parivahan.gov.in/rcdlstatus/vahan/rcDlHome.xhtml (130)
[1601123552.893][DEBUG]: DevTools WebSocket Event: Runtime.exceptionThrown 9D01A0B4561C50C930CC91F08B47464F {
   "exceptionDetails": {
      "columnNumber": 570,
      "exception": {
         "className": "ReferenceError",
         "description": "ReferenceError: PrimeFaces is not defined\n    at https://parivahan.gov.in/rcdlstatus/vahan/rcDlHome.xhtml:130:571",
         "objectId": "{\"injectedScriptId\":1,\"id\":5}",
         "preview": {
            "description": "ReferenceError: PrimeFaces is not defined\n    at https://parivahan.gov.in/rcdlstatus/vahan/rcDlHome.xhtml:130:571",
            "overflow": false,
            "properties": [ {
               "name": "stack",
               "type": "string",
               "value": "ReferenceError: PrimeFaces is not defined\n    at h…an.gov.in/rcdlstatus/vahan/rcDlHome.xhtml:130:571"
            }, {
               "name": "message",
               "type": "string",
               "value": "PrimeFaces is not defined"
            } ],
            "subtype": "error",
            "type": "object"
         },
         "subtype": "error",
         "type": "object"
      },
      "exceptionId": 5,
      "executionContextId": 1,
      "lineNumber": 129,
      "stackTrace": {
         "callFrames": [ {
            "columnNumber": 570,
            "functionName": "",
            "lineNumber": 129,
            "scriptId": "12",
            "url": "https://parivahan.gov.in/rcdlstatus/vahan/rcDlHome.xhtml"
         } ]
      },
      "text": "Uncaught",
      "url": "https://parivahan.gov.in/rcdlstatus/vahan/rcDlHome.xhtml"
   },
   "timestamp": 1.601123552891023e+12
}
[1601123552.894][DEBUG]: DevTools WebSocket Event: Runtime.exceptionThrown 9D01A0B4561C50C930CC91F08B47464F {
   "exceptionDetails": {
      "columnNumber": 933,
      "exception": {
         "className": "ReferenceError",
         "description": "ReferenceError: PrimeFaces is not defined\n    at https://parivahan.gov.in/rcdlstatus/vahan/rcDlHome.xhtml:130:934",
         "objectId": "{\"injectedScriptId\":1,\"id\":6}",
         "preview": {
            "description": "ReferenceError: PrimeFaces is not defined\n    at https://parivahan.gov.in/rcdlstatus/vahan/rcDlHome.xhtml:130:934",
            "overflow": false,
            "properties": [ {
               "name": "stack",
               "type": "string",
               "value": "ReferenceError: PrimeFaces is not defined\n    at h…an.gov.in/rcdlstatus/vahan/rcDlHome.xhtml:130:934"
            }, {
               "name": "message",
               "type": "string",
               "value": "PrimeFaces is not defined"
            } ],
            "subtype": "error",
            "type": "object"
         },
         "subtype": "error",
         "type": "object"
      },
      "exceptionId": 6,
      "executionContextId": 1,
      "lineNumber": 129,
      "stackTrace": {
         "callFrames": [ {
            "columnNumber": 933,
            "functionName": "",
            "lineNumber": 129,
            "scriptId": "13",
            "url": "https://parivahan.gov.in/rcdlstatus/vahan/rcDlHome.xhtml"
         } ]
      },
      "text": "Uncaught",
      "url": "https://parivahan.gov.in/rcdlstatus/vahan/rcDlHome.xhtml"
   },
   "timestamp": 1.601123552891915e+12
}
[1601123552.949][DEBUG]: DevTools WebSocket Response: Runtime.evaluate (id=21) 9D01A0B4561C50C930CC91F08B47464F {
   "result": {
      "description": "1",
      "type": "number",
      "value": 1
   }
}
[0926/180232.950793:INFO:CONSOLE(132)] "Uncaught ReferenceError: PrimeFaces is not defined", source: https://parivahan.gov.in/rcdlstatus/vahan/rcDlHome.xhtml (132)
[1601123552.952][DEBUG]: DevTools WebSocket Event: Runtime.exceptionThrown 9D01A0B4561C50C930CC91F08B47464F {
   "exceptionDetails": {
      "columnNumber": 187,
      "exception": {
         "className": "ReferenceError",
         "description": "ReferenceError: PrimeFaces is not defined\n    at https://parivahan.gov.in/rcdlstatus/vahan/rcDlHome.xhtml:132:188",
         "objectId": "{\"injectedScriptId\":1,\"id\":7}",
         "preview": {
            "description": "ReferenceError: PrimeFaces is not defined\n    at https://parivahan.gov.in/rcdlstatus/vahan/rcDlHome.xhtml:132:188",
            "overflow": false,
            "properties": [ {
               "name": "stack",
               "type": "string",
               "value": "ReferenceError: PrimeFaces is not defined\n    at h…an.gov.in/rcdlstatus/vahan/rcDlHome.xhtml:132:188"
            }, {
               "name": "message",
               "type": "string",
               "value": "PrimeFaces is not defined"
            } ],
            "subtype": "error",
            "type": "object"
         },
         "subtype": "error",
         "type": "object"
      },
      "exceptionId": 7,
      "executionContextId": 1,
      "lineNumber": 131,
      "stackTrace": {
         "callFrames": [ {
            "columnNumber": 187,
            "functionName": "",
            "lineNumber": 131,
            "scriptId": "14",
            "url": "https://parivahan.gov.in/rcdlstatus/vahan/rcDlHome.xhtml"
         } ]
      },
      "text": "Uncaught",
      "url": "https://parivahan.gov.in/rcdlstatus/vahan/rcDlHome.xhtml"
   },
   "timestamp": 1.6011235529501208e+12
}
[0926/180232.952439:INFO:CONSOLE(133)] "Uncaught ReferenceError: $ is not defined", source: https://parivahan.gov.in/rcdlstatus/vahan/rcDlHome.xhtml (133)
[1601123552.953][DEBUG]: DevTools WebSocket Command: Runtime.evaluate (id=22) 9D01A0B4561C50C930CC91F08B47464F {
   "expression": "1"
}
[1601123552.954][DEBUG]: DevTools WebSocket Event: Runtime.exceptionThrown 9D01A0B4561C50C930CC91F08B47464F {
   "exceptionDetails": {
      "columnNumber": 394,
      "exception": {
         "className": "ReferenceError",
         "description": "ReferenceError: $ is not defined\n    at https://parivahan.gov.in/rcdlstatus/vahan/rcDlHome.xhtml:133:395",
         "objectId": "{\"injectedScriptId\":1,\"id\":8}",
         "preview": {
            "description": "ReferenceError: $ is not defined\n    at https://parivahan.gov.in/rcdlstatus/vahan/rcDlHome.xhtml:133:395",
            "overflow": false,
            "properties": [ {
               "name": "stack",
               "type": "string",
               "value": "ReferenceError: $ is not defined\n    at https://pa…an.gov.in/rcdlstatus/vahan/rcDlHome.xhtml:133:395"
            }, {
               "name": "message",
               "type": "string",
               "value": "$ is not defined"
            } ],
            "subtype": "error",
            "type": "object"
         },
         "subtype": "error",
         "type": "object"
      },
      "exceptionId": 8,
      "executionContextId": 1,
      "lineNumber": 132,
      "stackTrace": {
         "callFrames": [ {
            "columnNumber": 394,
            "functionName": "",
            "lineNumber": 132,
            "scriptId": "15",
            "url": "https://parivahan.gov.in/rcdlstatus/vahan/rcDlHome.xhtml"
         } ]
      },
      "text": "Uncaught",
      "url": "https://parivahan.gov.in/rcdlstatus/vahan/rcDlHome.xhtml"
   },
   "timestamp": 1.6011235529518162e+12
}
[1601123552.956][DEBUG]: DevTools WebSocket Response: Runtime.evaluate (id=22) 9D01A0B4561C50C930CC91F08B47464F {
   "result": {
      "description": "1",
      "type": "number",
      "value": 1
   }
}
[1601123552.963][DEBUG]: DevTools WebSocket Event: DOM.documentUpdated 9D01A0B4561C50C930CC91F08B47464F {

}
[1601123552.963][DEBUG]: DevTools WebSocket Command: DOM.getDocument (id=23) 9D01A0B4561C50C930CC91F08B47464F {

}
[1601123552.964][DEBUG]: DevTools WebSocket Event: Page.domContentEventFired 9D01A0B4561C50C930CC91F08B47464F {
   "timestamp": 2850.492866
}
[1601123552.964][DEBUG]: DevTools WebSocket Command: Runtime.evaluate (id=24) 9D01A0B4561C50C930CC91F08B47464F {
   "expression": "1"
}
[1601123552.984][DEBUG]: DevTools WebSocket Event: Page.loadEventFired 9D01A0B4561C50C930CC91F08B47464F {
   "timestamp": 2850.496189
}
[1601123552.984][DEBUG]: DevTools WebSocket Command: Runtime.evaluate (id=25) 9D01A0B4561C50C930CC91F08B47464F {
   "awaitPromise": false,
   "expression": "document.readyState",
   "returnByValue": true
}
[1601123552.985][DEBUG]: DevTools WebSocket Event: Page.frameScheduledNavigation 9D01A0B4561C50C930CC91F08B47464F {
   "delay": 600,
   "frameId": "9D01A0B4561C50C930CC91F08B47464F",
   "reason": "metaTagRefresh",
   "url": "https://parivahan.gov.in/parivahan/"
}
[1601123552.985][DEBUG]: DevTools WebSocket Event: Page.frameStoppedLoading 9D01A0B4561C50C930CC91F08B47464F {
   "frameId": "9D01A0B4561C50C930CC91F08B47464F"
}
[1601123552.986][DEBUG]: DevTools WebSocket Response: DOM.getDocument (id=23) 9D01A0B4561C50C930CC91F08B47464F {
   "root": {
      "backendNodeId": 1,
      "baseURL": "https://parivahan.gov.in/rcdlstatus/vahan/rcDlHome.xhtml",
      "childNodeCount": 3,
      "children": [ {
         "backendNodeId": 2,
         "localName": "",
         "nodeId": 6,
         "nodeName": "#comment",
         "nodeType": 8,
         "nodeValue": "?xml version=\"1.0\" encoding=\"UTF-8\"?",
         "parentId": 5
      }, {
         "backendNodeId": 3,
         "localName": "",
         "nodeId": 7,
         "nodeName": "html",
         "nodeType": 10,
         "nodeValue": "",
         "parentId": 5,
         "publicId": "",
         "systemId": ""
      }, {
         "attributes": [ "xmlns", "http://www.w3.org/1999/xhtml" ],
         "backendNodeId": 4,
         "childNodeCount": 2,
         "children": [ {
            "attributes": [ "id", "j_idt2" ],
            "backendNodeId": 17,
            "childNodeCount": 25,
            "localName": "head",
            "nodeId": 9,
            "nodeName": "HEAD",
            "nodeType": 1,
            "nodeValue": "",
            "parentId": 8
         }, {
            "attributes": [ "id", "mymain" ],
            "backendNodeId": 18,
            "childNodeCount": 1,
            "localName": "body",
            "nodeId": 10,
            "nodeName": "BODY",
            "nodeType": 1,
            "nodeValue": "",
            "parentId": 8
         } ],
         "frameId": "9D01A0B4561C50C930CC91F08B47464F",
         "localName": "html",
         "nodeId": 8,
         "nodeName": "HTML",
         "nodeType": 1,
         "nodeValue": "",
         "parentId": 5
      } ],
      "documentURL": "https://parivahan.gov.in/rcdlstatus/vahan/rcDlHome.xhtml",
      "localName": "",
      "nodeId": 5,
      "nodeName": "#document",
      "nodeType": 9,
      "nodeValue": "",
      "xmlVersion": ""
   }
}
[1601123552.986][DEBUG]: DevTools WebSocket Response: Runtime.evaluate (id=24) 9D01A0B4561C50C930CC91F08B47464F {
   "result": {
      "description": "1",
      "type": "number",
      "value": 1
   }
}
[1601123552.991][DEBUG]: DevTools WebSocket Response: Runtime.evaluate (id=25) 9D01A0B4561C50C930CC91F08B47464F {
   "result": {
      "type": "string",
      "value": "complete"
   }
}
[1601123552.991][INFO]: Done waiting for pending navigations. Status: ok
[1601123552.992][INFO]: [8fb5bff51fd3bc4157704c90979d0557] RESPONSE Navigate
[1601123552.995][INFO]: [8fb5bff51fd3bc4157704c90979d0557] COMMAND GetTitle {

}
[1601123552.996][INFO]: Waiting for pending navigations...
[1601123552.996][DEBUG]: DevTools WebSocket Command: Runtime.evaluate (id=26) 9D01A0B4561C50C930CC91F08B47464F {
   "expression": "1"
}
[1601123552.999][DEBUG]: DevTools WebSocket Response: Runtime.evaluate (id=26) 9D01A0B4561C50C930CC91F08B47464F {
   "result": {
      "description": "1",
      "type": "number",
      "value": 1
   }
}
[1601123552.999][INFO]: Done waiting for pending navigations. Status: ok
[1601123553.000][DEBUG]: DevTools WebSocket Command: Runtime.evaluate (id=27) 9D01A0B4561C50C930CC91F08B47464F {
   "awaitPromise": true,
   "expression": "(function() { // Copyright (c) 2012 The Chromium Authors. All rights reserved.\n// Use of this source code is governed by a BSD-style license that can be\n// found in the LICENSE file.\n\n/**\n * Enum f...",
   "returnByValue": true
}
[1601123553.010][DEBUG]: DevTools WebSocket Response: Runtime.evaluate (id=27) 9D01A0B4561C50C930CC91F08B47464F {
   "result": {
      "type": "object",
      "value": {
         "status": 0,
         "value": "RC/DL STATUS"
      }
   }
}
[1601123553.010][INFO]: Waiting for pending navigations...
[1601123553.010][DEBUG]: DevTools WebSocket Command: Runtime.evaluate (id=28) 9D01A0B4561C50C930CC91F08B47464F {
   "expression": "1"
}
[1601123553.013][DEBUG]: DevTools WebSocket Response: Runtime.evaluate (id=28) 9D01A0B4561C50C930CC91F08B47464F {
   "result": {
      "description": "1",
      "type": "number",
      "value": 1
   }
}
[1601123553.013][INFO]: Done waiting for pending navigations. Status: ok
[1601123553.013][INFO]: [8fb5bff51fd3bc4157704c90979d0557] RESPONSE GetTitle "RC/DL STATUS"
[1601123553.018][INFO]: [8fb5bff51fd3bc4157704c90979d0557] COMMAND CloseWindow {

}
[1601123553.018][DEBUG]: DevTools HTTP Request: http://localhost:50427/json/list
[1601123553.031][DEBUG]: DevTools HTTP Response: [ {
   "description": "",
   "devtoolsFrontendUrl": "/devtools/inspector.html?ws=localhost:50427/devtools/page/9D01A0B4561C50C930CC91F08B47464F",
   "id": "9D01A0B4561C50C930CC91F08B47464F",
   "title": "RC/DL STATUS",
   "type": "page",
   "url": "https://parivahan.gov.in/rcdlstatus/vahan/rcDlHome.xhtml",
   "webSocketDebuggerUrl": "ws://localhost:50427/devtools/page/9D01A0B4561C50C930CC91F08B47464F"
} ]

[1601123553.031][DEBUG]: DevTools HTTP Request: http://localhost:50427/json/close/9D01A0B4561C50C930CC91F08B47464F
[1601123553.045][DEBUG]: DevTools HTTP Response: Target is closing
[1601123553.045][DEBUG]: DevTools HTTP Request: http://localhost:50427/json/list
[1601123553.667][DEBUG]: DevTools HTTP Response: [  ]

[1601123553.667][DEBUG]: DevTools HTTP Request: http://localhost:50427/json/list
[1601123553.942][DEBUG]: DevTools HTTP Response: [  ]

[1601123554.044][INFO]: [8fb5bff51fd3bc4157704c90979d0557] RESPONSE CloseWindow [  ]
[1601123554.044][DEBUG]: Log type 'driver' lost 0 entries on destruction
[1601123554.045][DEBUG]: Log type 'browser' lost 8 entries on destruction
